<?xml version="1.0" encoding="UTF-8"?>
<testsuites tests="7" failures="0" errors="0" skipped="0">
  <testsuite name="Verify the global navigation menu across all pages" timestamp="2025-10-07T16:09:20" time="74.636" tests="7" failures="0" errors="0" skipped="0">
    <properties>
      <property name="specId" value="0"/>
      <property name="suiteName" value="Verify the global navigation menu across all pages"/>
      <property name="capabilities" value="chrome.140_0_7339_210.windows"/>
      <property name="file" value="file:///C:/Users/user/Desktop/task2EpamIntern/test/steps/menu_steps.js"/>
    </properties>
    <testcase classname="chrome.140_0_7339_210.windows.Verify_the_global_navigation_menu_across_all_pages" name="should display navigation menu on Home page" time="12.903">
      <system-out><![CDATA[
COMMAND: GET /session/462657179895d396138f6ecdbb5a7539/element/f.8F2B4A53DFADD299912F33136E7E22B7.d.09A6BAD27F289BCF645A9CF71D33A598.e.16/css/display - {}
RESULT: {}
COMMAND: POST /session/462657179895d396138f6ecdbb5a7539/element/f.8F2B4A53DFADD299912F33136E7E22B7.d.09A6BAD27F289BCF645A9CF71D33A598.e.16/click - {}
RESULT: {}
COMMAND: GET /session/462657179895d396138f6ecdbb5a7539/title - {}
RESULT: {}
COMMAND: GET /session/462657179895d396138f6ecdbb5a7539/element/f.8F2B4A53DFADD299912F33136E7E22B7.d.09A6BAD27F289BCF645A9CF71D33A598.e.18/css/display - {}
RESULT: {}
COMMAND: GET /session/462657179895d396138f6ecdbb5a7539/element/f.8F2B4A53DFADD299912F33136E7E22B7.d.09A6BAD27F289BCF645A9CF71D33A598.e.18/css/display - {}
RESULT: {}
]]></system-out>
    </testcase>
    <testcase classname="chrome.140_0_7339_210.windows.Verify_the_global_navigation_menu_across_all_pages" name="should display navigation menu on Insights page" time="18.128">
      <system-out><![CDATA[
COMMAND: GET /session/462657179895d396138f6ecdbb5a7539/title - {}
RESULT: {}
COMMAND: GET /session/462657179895d396138f6ecdbb5a7539/element/f.8F2B4A53DFADD299912F33136E7E22B7.d.6D88BF2E504BED08A23062B8493E7C24.e.38/css/display - {}
RESULT: {}
COMMAND: GET /session/462657179895d396138f6ecdbb5a7539/element/f.8F2B4A53DFADD299912F33136E7E22B7.d.6D88BF2E504BED08A23062B8493E7C24.e.38/css/display - {}
RESULT: {}
]]></system-out>
    </testcase>
    <testcase classname="chrome.140_0_7339_210.windows.Verify_the_global_navigation_menu_across_all_pages" name="should display navigation menu on Services page" time="11.088">
      <system-out><![CDATA[
COMMAND: GET /session/462657179895d396138f6ecdbb5a7539/title - {}
RESULT: {}
COMMAND: GET /session/462657179895d396138f6ecdbb5a7539/element/f.8F2B4A53DFADD299912F33136E7E22B7.d.E008109A1A62EF602418E80DC576A517.e.50/css/display - {}
RESULT: {}
COMMAND: GET /session/462657179895d396138f6ecdbb5a7539/element/f.8F2B4A53DFADD299912F33136E7E22B7.d.E008109A1A62EF602418E80DC576A517.e.50/css/display - {}
RESULT: {}
]]></system-out>
    </testcase>
    <testcase classname="chrome.140_0_7339_210.windows.Verify_the_global_navigation_menu_across_all_pages" name="should display navigation menu on Industries page" time="7.391">
      <system-out><![CDATA[
COMMAND: GET /session/462657179895d396138f6ecdbb5a7539/title - {}
RESULT: {}
COMMAND: GET /session/462657179895d396138f6ecdbb5a7539/element/f.8F2B4A53DFADD299912F33136E7E22B7.d.9AB019D41E1ED0FC1FD960008ED09E00.e.63/css/display - {}
RESULT: {}
COMMAND: GET /session/462657179895d396138f6ecdbb5a7539/element/f.8F2B4A53DFADD299912F33136E7E22B7.d.9AB019D41E1ED0FC1FD960008ED09E00.e.63/css/display - {}
RESULT: {}
]]></system-out>
    </testcase>
    <testcase classname="chrome.140_0_7339_210.windows.Verify_the_global_navigation_menu_across_all_pages" name="should display navigation menu on About page" time="7.474">
      <system-out><![CDATA[
COMMAND: GET /session/462657179895d396138f6ecdbb5a7539/title - {}
RESULT: {}
COMMAND: GET /session/462657179895d396138f6ecdbb5a7539/element/f.8F2B4A53DFADD299912F33136E7E22B7.d.6BD5C58317986EB5B60319EA48099A54.e.75/css/display - {}
RESULT: {}
COMMAND: GET /session/462657179895d396138f6ecdbb5a7539/element/f.8F2B4A53DFADD299912F33136E7E22B7.d.6BD5C58317986EB5B60319EA48099A54.e.75/css/display - {}
RESULT: {}
]]></system-out>
    </testcase>
    <testcase classname="chrome.140_0_7339_210.windows.Verify_the_global_navigation_menu_across_all_pages" name="should display navigation menu on Careers page" time="8.602">
      <system-out><![CDATA[
COMMAND: GET /session/462657179895d396138f6ecdbb5a7539/title - {}
RESULT: {}
COMMAND: GET /session/462657179895d396138f6ecdbb5a7539/element/f.8F2B4A53DFADD299912F33136E7E22B7.d.458E2E0434E126001F8716D09A0E750C.e.106/css/display - {}
RESULT: {}
COMMAND: GET /session/462657179895d396138f6ecdbb5a7539/element/f.8F2B4A53DFADD299912F33136E7E22B7.d.458E2E0434E126001F8716D09A0E750C.e.106/css/display - {}
RESULT: {}
]]></system-out>
    </testcase>
    <testcase classname="chrome.140_0_7339_210.windows.Verify_the_global_navigation_menu_across_all_pages" name="should navigate to Insights page" time="9.038">
      <system-out><![CDATA[
COMMAND: GET /session/462657179895d396138f6ecdbb5a7539/title - {}
RESULT: {}
COMMAND: GET /session/462657179895d396138f6ecdbb5a7539/url - {}
RESULT: {}
COMMAND: GET /session/462657179895d396138f6ecdbb5a7539/title - {}
RESULT: {}
COMMAND: DELETE /session/462657179895d396138f6ecdbb5a7539 - {}
RESULT: {}
]]></system-out>
    </testcase>
  </testsuite>
</testsuites>