<?xml version="1.0" encoding="UTF-8"?>
<testsuites tests="1" failures="0" errors="0" skipped="0">
  <testsuite name="Toggle between Light and Dark Modes" timestamp="2025-10-07T16:20:44" time="23.92" tests="1" failures="0" errors="0" skipped="0">
    <properties>
      <property name="specId" value="0"/>
      <property name="suiteName" value="Toggle between Light and Dark Modes"/>
      <property name="capabilities" value="chrome.140_0_7339_210.windows"/>
      <property name="file" value="file:///C:/Users/user/Desktop/task2EpamIntern/test/steps/theme_steps.js"/>
    </properties>
    <testcase classname="chrome.140_0_7339_210.windows.Toggle_between_Light_and_Dark_Modes" name="should toggle theme" time="23.914">
      <system-out><![CDATA[
COMMAND: GET /session/cb6e9d0975e8404396c41935b4d8b26a/element/f.E9F36264C06BA39E340BFE9817C891E2.d.61CFCF05B7D689579779C7CEAD2612E6.e.20/css/display - {}
RESULT: {}
COMMAND: POST /session/cb6e9d0975e8404396c41935b4d8b26a/element/f.E9F36264C06BA39E340BFE9817C891E2.d.61CFCF05B7D689579779C7CEAD2612E6.e.20/click - {}
RESULT: {}
COMMAND: GET /session/cb6e9d0975e8404396c41935b4d8b26a/title - {}
RESULT: {}
COMMAND: GET /session/cb6e9d0975e8404396c41935b4d8b26a/element/f.E9F36264C06BA39E340BFE9817C891E2.d.61CFCF05B7D689579779C7CEAD2612E6.e.22/rect - {}
RESULT: {}
COMMAND: GET /session/cb6e9d0975e8404396c41935b4d8b26a/window/rect - {}
RESULT: {}
COMMAND: POST /session/cb6e9d0975e8404396c41935b4d8b26a/actions - {"actions":[{"id":"action1","type":"wheel","parameters":{},"actions":[{"type":"scroll","x":-726,"y":-28,"deltaX":0,"deltaY":0,"duration":0,"origin":{"element-6066-11e4-a52e-4f735466cecf":"f.E9F36264C06BA39E340BFE9817C891E2.d.61CFCF05B7D689579779C7CEAD2612E6.e.22"}}]}]}
RESULT: {"actions":[{"id":"action1","type":"wheel","parameters":{},"actions":[{"type":"scroll","x":-726,"y":-28,"deltaX":0,"deltaY":0,"duration":0,"origin":{"element-6066-11e4-a52e-4f735466cecf":"f.E9F36264C06BA39E340BFE9817C891E2.d.61CFCF05B7D689579779C7CEAD2612E6.e.22"}}]}]}
COMMAND: GET /session/cb6e9d0975e8404396c41935b4d8b26a/element/f.E9F36264C06BA39E340BFE9817C891E2.d.61CFCF05B7D689579779C7CEAD2612E6.e.24/attribute/class - {}
RESULT: {}
COMMAND: GET /session/cb6e9d0975e8404396c41935b4d8b26a/element/f.E9F36264C06BA39E340BFE9817C891E2.d.61CFCF05B7D689579779C7CEAD2612E6.e.24/attribute/class - {}
RESULT: {}
COMMAND: DELETE /session/cb6e9d0975e8404396c41935b4d8b26a - {}
RESULT: {}
]]></system-out>
    </testcase>
  </testsuite>
</testsuites>